<?xml version="1.0" encoding="UTF-8"?>
<!-- Generated by org.testng.reporters.JUnitXMLReporter -->
<testsuite ignored="0" hostname="DESKTOP-SFQ0KA6" failures="0" tests="6" name="Command line test" time="0.11" errors="0" timestamp="31 Oct 2019 19:23:27 GMT">
  <testcase classname="qaclickacademy.AppiumTest" name="iosApps" time="0.021"/>
  <testcase classname="qaclickacademy.AppiumTest" name="navtiveAppAndriod" time="0.0"/>
  <testcase classname="qaclickacademy.RestApiTest" name="deleteTewitter" time="0.0"/>
  <testcase classname="qaclickacademy.RestApiTest" name="postJira" time="0.0"/>
  <testcase classname="qaclickacademy.SeleniumTest" name="BrowserAutomation" time="0.0"/>
  <testcase classname="qaclickacademy.SeleniumTest" name="elements" time="0.0"/>
</testsuite> <!-- Command line test -->
