<?xml version="1.0" encoding="UTF-8" ?>
<testsuite tests="6" failures="0" name="TestSuite" time="0.024" errors="0" skipped="0">
  <properties>
[...]
</properties>
  <testcase classname="qaclickacademy.AppiumTest" name="iosApps" time="0.024"/>
  <testcase classname="qaclickacademy.AppiumTest" name="navtiveAppAndriod" time="0"/>
  <testcase classname="qaclickacademy.RestApiTest" name="deleteTewitter" time="0"/>
  <testcase classname="qaclickacademy.RestApiTest" name="postJira" time="0"/>
  <testcase classname="qaclickacademy.SeleniumTest" name="BrowserAutomation" time="0"/>
  <testcase classname="qaclickacademy.SeleniumTest" name="elements" time="0"/>
</testsuite>