<?xml version="1.0" encoding="UTF-8"?>
<testng-results ignored="0" total="6" passed="6" failed="0" skipped="0">
  <reporter-output>
  </reporter-output>
  <suite started-at="2019-10-31T19:23:27Z" name="Command line suite" finished-at="2019-10-31T19:23:27Z" duration-ms="110">
    <groups>
    </groups>
    <test started-at="2019-10-31T19:23:27Z" name="Command line test" finished-at="2019-10-31T19:23:27Z" duration-ms="110">
      <class name="qaclickacademy.AppiumTest">
        <test-method signature="iosApps()[pri:0, instance:qaclickacademy.AppiumTest@3cc2931c]" started-at="2019-10-31T19:23:27Z" name="iosApps" finished-at="2019-10-31T19:23:27Z" duration-ms="21" status="PASS">
          <reporter-output>
          </reporter-output>
        </test-method> <!-- iosApps -->
        <test-method signature="navtiveAppAndriod()[pri:0, instance:qaclickacademy.AppiumTest@3cc2931c]" started-at="2019-10-31T19:23:27Z" name="navtiveAppAndriod" finished-at="2019-10-31T19:23:27Z" duration-ms="0" status="PASS">
          <reporter-output>
          </reporter-output>
        </test-method> <!-- navtiveAppAndriod -->
      </class> <!-- qaclickacademy.AppiumTest -->
      <class name="qaclickacademy.SeleniumTest">
        <test-method signature="BrowserAutomation()[pri:0, instance:qaclickacademy.SeleniumTest@3967e60c]" started-at="2019-10-31T19:23:27Z" name="BrowserAutomation" finished-at="2019-10-31T19:23:27Z" duration-ms="0" status="PASS">
          <reporter-output>
          </reporter-output>
        </test-method> <!-- BrowserAutomation -->
        <test-method signature="elements()[pri:0, instance:qaclickacademy.SeleniumTest@3967e60c]" started-at="2019-10-31T19:23:27Z" name="elements" finished-at="2019-10-31T19:23:27Z" duration-ms="0" status="PASS">
          <reporter-output>
          </reporter-output>
        </test-method> <!-- elements -->
      </class> <!-- qaclickacademy.SeleniumTest -->
      <class name="qaclickacademy.RestApiTest">
        <test-method signature="deleteTewitter()[pri:0, instance:qaclickacademy.RestApiTest@20d28811]" started-at="2019-10-31T19:23:27Z" name="deleteTewitter" finished-at="2019-10-31T19:23:27Z" duration-ms="0" status="PASS">
          <reporter-output>
          </reporter-output>
        </test-method> <!-- deleteTewitter -->
        <test-method signature="postJira()[pri:0, instance:qaclickacademy.RestApiTest@20d28811]" started-at="2019-10-31T19:23:27Z" name="postJira" finished-at="2019-10-31T19:23:27Z" duration-ms="0" status="PASS">
          <reporter-output>
          </reporter-output>
        </test-method> <!-- postJira -->
      </class> <!-- qaclickacademy.RestApiTest -->
    </test> <!-- Command line test -->
  </suite> <!-- Command line suite -->
</testng-results>
