<?xml version="1.0" encoding="UTF-8"?>
<testng-results ignored="0" total="2" passed="2" failed="0" skipped="0">
  <reporter-output>
  </reporter-output>
  <suite started-at="2019-10-29T04:37:21Z" name="All Test Suite" finished-at="2019-10-29T04:37:22Z" duration-ms="107">
    <groups>
    </groups>
    <test started-at="2019-10-29T04:37:21Z" name="C:/Users/Shubham Gupta/Mavenjava" finished-at="2019-10-29T04:37:22Z" duration-ms="107">
      <class name="qaclickacademy.SeleniumTest">
        <test-method signature="BrowserAutomation()[pri:0, instance:qaclickacademy.SeleniumTest@6913c1fb]" started-at="2019-10-29T04:37:22Z" name="BrowserAutomation" finished-at="2019-10-29T04:37:22Z" duration-ms="26" status="PASS">
          <reporter-output>
          </reporter-output>
        </test-method> <!-- BrowserAutomation -->
        <test-method signature="elements()[pri:0, instance:qaclickacademy.SeleniumTest@6913c1fb]" started-at="2019-10-29T04:37:22Z" name="elements" finished-at="2019-10-29T04:37:22Z" duration-ms="2" status="PASS">
          <reporter-output>
          </reporter-output>
        </test-method> <!-- elements -->
      </class> <!-- qaclickacademy.SeleniumTest -->
    </test> <!-- C:/Users/Shubham Gupta/Mavenjava -->
  </suite> <!-- All Test Suite -->
</testng-results>
